C:\Users\rhoq\dev\git\NodeModulesTsConfig\NodeModulesTsConfig\src\index.js
C:\Users\rhoq\dev\git\NodeModulesTsConfig\NodeModulesTsConfig\src\index.js
C:\Users\rhoq\dev\git\NodeModulesTsConfig\NodeModulesTsConfig\src\node_modules\@athena\aw-api\lib\environment.js
C:\Users\rhoq\dev\git\NodeModulesTsConfig\NodeModulesTsConfig\src\node_modules\@athena\aw-api\lib\environment.js.map
C:\Users\rhoq\dev\git\NodeModulesTsConfig\NodeModulesTsConfig\src\node_modules\@athena\aw-api\typings\environment.d.ts
C:\Users\rhoq\dev\git\NodeModulesTsConfig\NodeModulesTsConfig\src\node_modules\@athena\aw-api\lib\lib\api.js
C:\Users\rhoq\dev\git\NodeModulesTsConfig\NodeModulesTsConfig\src\node_modules\@athena\aw-api\lib\lib\api.js.map
C:\Users\rhoq\dev\git\NodeModulesTsConfig\NodeModulesTsConfig\src\node_modules\@athena\aw-api\typings\lib\api.d.ts
C:\Users\rhoq\dev\git\NodeModulesTsConfig\NodeModulesTsConfig\src\node_modules\@athena\aw-api\lib\lib\accounts.js
C:\Users\rhoq\dev\git\NodeModulesTsConfig\NodeModulesTsConfig\src\node_modules\@athena\aw-api\lib\lib\accounts.js.map
C:\Users\rhoq\dev\git\NodeModulesTsConfig\NodeModulesTsConfig\src\node_modules\@athena\aw-api\typings\lib\accounts.d.ts
C:\Users\rhoq\dev\git\NodeModulesTsConfig\NodeModulesTsConfig\src\node_modules\@athena\aw-api\lib\lib\audit.js
C:\Users\rhoq\dev\git\NodeModulesTsConfig\NodeModulesTsConfig\src\node_modules\@athena\aw-api\lib\lib\audit.js.map
C:\Users\rhoq\dev\git\NodeModulesTsConfig\NodeModulesTsConfig\src\node_modules\@athena\aw-api\typings\lib\audit.d.ts
C:\Users\rhoq\dev\git\NodeModulesTsConfig\NodeModulesTsConfig\src\node_modules\@athena\aw-api\lib\lib\beacon.js
C:\Users\rhoq\dev\git\NodeModulesTsConfig\NodeModulesTsConfig\src\node_modules\@athena\aw-api\lib\lib\beacon.js.map
C:\Users\rhoq\dev\git\NodeModulesTsConfig\NodeModulesTsConfig\src\node_modules\@athena\aw-api\typings\lib\beacon.d.ts
C:\Users\rhoq\dev\git\NodeModulesTsConfig\NodeModulesTsConfig\src\node_modules\@athena\aw-api\lib\lib\branding.js
C:\Users\rhoq\dev\git\NodeModulesTsConfig\NodeModulesTsConfig\src\node_modules\@athena\aw-api\lib\lib\branding.js.map
C:\Users\rhoq\dev\git\NodeModulesTsConfig\NodeModulesTsConfig\src\node_modules\@athena\aw-api\typings\lib\branding.d.ts
C:\Users\rhoq\dev\git\NodeModulesTsConfig\NodeModulesTsConfig\src\node_modules\@athena\aw-api\lib\lib\campaign-monitor.js
C:\Users\rhoq\dev\git\NodeModulesTsConfig\NodeModulesTsConfig\src\node_modules\@athena\aw-api\lib\lib\campaign-monitor.js.map
C:\Users\rhoq\dev\git\NodeModulesTsConfig\NodeModulesTsConfig\src\node_modules\@athena\aw-api\typings\lib\campaign-monitor.d.ts
C:\Users\rhoq\dev\git\NodeModulesTsConfig\NodeModulesTsConfig\src\node_modules\@athena\aw-api\lib\lib\care-center.js
C:\Users\rhoq\dev\git\NodeModulesTsConfig\NodeModulesTsConfig\src\node_modules\@athena\aw-api\lib\lib\care-center.js.map
C:\Users\rhoq\dev\git\NodeModulesTsConfig\NodeModulesTsConfig\src\node_modules\@athena\aw-api\typings\lib\care-center.d.ts
C:\Users\rhoq\dev\git\NodeModulesTsConfig\NodeModulesTsConfig\src\node_modules\@athena\aw-api\lib\lib\care-center-internal.js
C:\Users\rhoq\dev\git\NodeModulesTsConfig\NodeModulesTsConfig\src\node_modules\@athena\aw-api\lib\lib\care-center-internal.js.map
C:\Users\rhoq\dev\git\NodeModulesTsConfig\NodeModulesTsConfig\src\node_modules\@athena\aw-api\typings\lib\care-center-internal.d.ts
C:\Users\rhoq\dev\git\NodeModulesTsConfig\NodeModulesTsConfig\src\node_modules\@athena\aw-api\lib\lib\care-plans.js
C:\Users\rhoq\dev\git\NodeModulesTsConfig\NodeModulesTsConfig\src\node_modules\@athena\aw-api\lib\lib\care-plans.js.map
C:\Users\rhoq\dev\git\NodeModulesTsConfig\NodeModulesTsConfig\src\node_modules\@athena\aw-api\typings\lib\care-plans.d.ts
C:\Users\rhoq\dev\git\NodeModulesTsConfig\NodeModulesTsConfig\src\node_modules\@athena\aw-api\lib\lib\categories.js
C:\Users\rhoq\dev\git\NodeModulesTsConfig\NodeModulesTsConfig\src\node_modules\@athena\aw-api\lib\lib\categories.js.map
C:\Users\rhoq\dev\git\NodeModulesTsConfig\NodeModulesTsConfig\src\node_modules\@athena\aw-api\typings\lib\categories.d.ts
C:\Users\rhoq\dev\git\NodeModulesTsConfig\NodeModulesTsConfig\src\node_modules\@athena\aw-api\lib\lib\chat-bot.js
C:\Users\rhoq\dev\git\NodeModulesTsConfig\NodeModulesTsConfig\src\node_modules\@athena\aw-api\lib\lib\chat-bot.js.map
C:\Users\rhoq\dev\git\NodeModulesTsConfig\NodeModulesTsConfig\src\node_modules\@athena\aw-api\typings\lib\chat-bot.d.ts
C:\Users\rhoq\dev\git\NodeModulesTsConfig\NodeModulesTsConfig\src\node_modules\@athena\aw-api\lib\lib\client-data-export.js
C:\Users\rhoq\dev\git\NodeModulesTsConfig\NodeModulesTsConfig\src\node_modules\@athena\aw-api\lib\lib\client-data-export.js.map
C:\Users\rhoq\dev\git\NodeModulesTsConfig\NodeModulesTsConfig\src\node_modules\@athena\aw-api\typings\lib\client-data-export.d.ts
C:\Users\rhoq\dev\git\NodeModulesTsConfig\NodeModulesTsConfig\src\node_modules\@athena\aw-api\lib\lib\conversation-lists.js
C:\Users\rhoq\dev\git\NodeModulesTsConfig\NodeModulesTsConfig\src\node_modules\@athena\aw-api\lib\lib\conversation-lists.js.map
C:\Users\rhoq\dev\git\NodeModulesTsConfig\NodeModulesTsConfig\src\node_modules\@athena\aw-api\typings\lib\conversation-lists.d.ts
C:\Users\rhoq\dev\git\NodeModulesTsConfig\NodeModulesTsConfig\src\node_modules\@athena\aw-api\lib\lib\conversation-parties.js
C:\Users\rhoq\dev\git\NodeModulesTsConfig\NodeModulesTsConfig\src\node_modules\@athena\aw-api\lib\lib\conversation-parties.js.map
C:\Users\rhoq\dev\git\NodeModulesTsConfig\NodeModulesTsConfig\src\node_modules\@athena\aw-api\typings\lib\conversation-parties.d.ts
C:\Users\rhoq\dev\git\NodeModulesTsConfig\NodeModulesTsConfig\src\node_modules\@athena\aw-api\lib\lib\conversations.js
C:\Users\rhoq\dev\git\NodeModulesTsConfig\NodeModulesTsConfig\src\node_modules\@athena\aw-api\lib\lib\conversations.js.map
C:\Users\rhoq\dev\git\NodeModulesTsConfig\NodeModulesTsConfig\src\node_modules\@athena\aw-api\typings\lib\conversations.d.ts
C:\Users\rhoq\dev\git\NodeModulesTsConfig\NodeModulesTsConfig\src\node_modules\@athena\aw-api\lib\lib\distributors.js
C:\Users\rhoq\dev\git\NodeModulesTsConfig\NodeModulesTsConfig\src\node_modules\@athena\aw-api\lib\lib\distributors.js.map
C:\Users\rhoq\dev\git\NodeModulesTsConfig\NodeModulesTsConfig\src\node_modules\@athena\aw-api\typings\lib\distributors.d.ts
C:\Users\rhoq\dev\git\NodeModulesTsConfig\NodeModulesTsConfig\src\node_modules\@athena\aw-api\lib\lib\integration-management.js
C:\Users\rhoq\dev\git\NodeModulesTsConfig\NodeModulesTsConfig\src\node_modules\@athena\aw-api\lib\lib\integration-management.js.map
C:\Users\rhoq\dev\git\NodeModulesTsConfig\NodeModulesTsConfig\src\node_modules\@athena\aw-api\typings\lib\integration-management.d.ts
C:\Users\rhoq\dev\git\NodeModulesTsConfig\NodeModulesTsConfig\src\node_modules\@athena\aw-api\lib\lib\invitations.js
C:\Users\rhoq\dev\git\NodeModulesTsConfig\NodeModulesTsConfig\src\node_modules\@athena\aw-api\lib\lib\invitations.js.map
C:\Users\rhoq\dev\git\NodeModulesTsConfig\NodeModulesTsConfig\src\node_modules\@athena\aw-api\typings\lib\invitations.d.ts
C:\Users\rhoq\dev\git\NodeModulesTsConfig\NodeModulesTsConfig\src\node_modules\@athena\aw-api\lib\lib\patient.js
C:\Users\rhoq\dev\git\NodeModulesTsConfig\NodeModulesTsConfig\src\node_modules\@athena\aw-api\lib\lib\patient.js.map
C:\Users\rhoq\dev\git\NodeModulesTsConfig\NodeModulesTsConfig\src\node_modules\@athena\aw-api\typings\lib\patient.d.ts
C:\Users\rhoq\dev\git\NodeModulesTsConfig\NodeModulesTsConfig\src\node_modules\@athena\aw-api\lib\lib\patient-index.js
C:\Users\rhoq\dev\git\NodeModulesTsConfig\NodeModulesTsConfig\src\node_modules\@athena\aw-api\lib\lib\patient-index.js.map
C:\Users\rhoq\dev\git\NodeModulesTsConfig\NodeModulesTsConfig\src\node_modules\@athena\aw-api\typings\lib\patient-index.d.ts
C:\Users\rhoq\dev\git\NodeModulesTsConfig\NodeModulesTsConfig\src\node_modules\@athena\aw-api\lib\lib\patient-internal.js
C:\Users\rhoq\dev\git\NodeModulesTsConfig\NodeModulesTsConfig\src\node_modules\@athena\aw-api\lib\lib\patient-internal.js.map
C:\Users\rhoq\dev\git\NodeModulesTsConfig\NodeModulesTsConfig\src\node_modules\@athena\aw-api\typings\lib\patient-internal.d.ts
C:\Users\rhoq\dev\git\NodeModulesTsConfig\NodeModulesTsConfig\src\node_modules\@athena\aw-api\lib\lib\patient-invitations.js
C:\Users\rhoq\dev\git\NodeModulesTsConfig\NodeModulesTsConfig\src\node_modules\@athena\aw-api\lib\lib\patient-invitations.js.map
C:\Users\rhoq\dev\git\NodeModulesTsConfig\NodeModulesTsConfig\src\node_modules\@athena\aw-api\typings\lib\patient-invitations.d.ts
C:\Users\rhoq\dev\git\NodeModulesTsConfig\NodeModulesTsConfig\src\node_modules\@athena\aw-api\lib\lib\patient-profile-definitions.js
C:\Users\rhoq\dev\git\NodeModulesTsConfig\NodeModulesTsConfig\src\node_modules\@athena\aw-api\lib\lib\patient-profile-definitions.js.map
C:\Users\rhoq\dev\git\NodeModulesTsConfig\NodeModulesTsConfig\src\node_modules\@athena\aw-api\typings\lib\patient-profile-definitions.d.ts
C:\Users\rhoq\dev\git\NodeModulesTsConfig\NodeModulesTsConfig\src\node_modules\@athena\aw-api\lib\lib\patient-profiles.js
C:\Users\rhoq\dev\git\NodeModulesTsConfig\NodeModulesTsConfig\src\node_modules\@athena\aw-api\lib\lib\patient-profiles.js.map
C:\Users\rhoq\dev\git\NodeModulesTsConfig\NodeModulesTsConfig\src\node_modules\@athena\aw-api\typings\lib\patient-profiles.d.ts
C:\Users\rhoq\dev\git\NodeModulesTsConfig\NodeModulesTsConfig\src\node_modules\@athena\aw-api\lib\lib\patient-schedules.js
C:\Users\rhoq\dev\git\NodeModulesTsConfig\NodeModulesTsConfig\src\node_modules\@athena\aw-api\lib\lib\patient-schedules.js.map
C:\Users\rhoq\dev\git\NodeModulesTsConfig\NodeModulesTsConfig\src\node_modules\@athena\aw-api\typings\lib\patient-schedules.d.ts
C:\Users\rhoq\dev\git\NodeModulesTsConfig\NodeModulesTsConfig\src\node_modules\@athena\aw-api\lib\lib\patient-schedules-internal.js
C:\Users\rhoq\dev\git\NodeModulesTsConfig\NodeModulesTsConfig\src\node_modules\@athena\aw-api\lib\lib\patient-schedules-internal.js.map
C:\Users\rhoq\dev\git\NodeModulesTsConfig\NodeModulesTsConfig\src\node_modules\@athena\aw-api\typings\lib\patient-schedules-internal.d.ts
C:\Users\rhoq\dev\git\NodeModulesTsConfig\NodeModulesTsConfig\src\node_modules\@athena\aw-api\lib\lib\reports.js
C:\Users\rhoq\dev\git\NodeModulesTsConfig\NodeModulesTsConfig\src\node_modules\@athena\aw-api\lib\lib\reports.js.map
C:\Users\rhoq\dev\git\NodeModulesTsConfig\NodeModulesTsConfig\src\node_modules\@athena\aw-api\typings\lib\reports.d.ts
C:\Users\rhoq\dev\git\NodeModulesTsConfig\NodeModulesTsConfig\src\node_modules\@athena\aw-api\lib\lib\shared-care.js
C:\Users\rhoq\dev\git\NodeModulesTsConfig\NodeModulesTsConfig\src\node_modules\@athena\aw-api\lib\lib\shared-care.js.map
C:\Users\rhoq\dev\git\NodeModulesTsConfig\NodeModulesTsConfig\src\node_modules\@athena\aw-api\typings\lib\shared-care.d.ts
C:\Users\rhoq\dev\git\NodeModulesTsConfig\NodeModulesTsConfig\src\node_modules\@athena\aw-api\lib\lib\shared-care-internal.js
C:\Users\rhoq\dev\git\NodeModulesTsConfig\NodeModulesTsConfig\src\node_modules\@athena\aw-api\lib\lib\shared-care-internal.js.map
C:\Users\rhoq\dev\git\NodeModulesTsConfig\NodeModulesTsConfig\src\node_modules\@athena\aw-api\typings\lib\shared-care-internal.d.ts
C:\Users\rhoq\dev\git\NodeModulesTsConfig\NodeModulesTsConfig\src\node_modules\@athena\aw-api\lib\lib\sponsors.js
C:\Users\rhoq\dev\git\NodeModulesTsConfig\NodeModulesTsConfig\src\node_modules\@athena\aw-api\lib\lib\sponsors.js.map
C:\Users\rhoq\dev\git\NodeModulesTsConfig\NodeModulesTsConfig\src\node_modules\@athena\aw-api\typings\lib\sponsors.d.ts
C:\Users\rhoq\dev\git\NodeModulesTsConfig\NodeModulesTsConfig\src\node_modules\@athena\aw-api\lib\lib\sponsor-web-hook.js
C:\Users\rhoq\dev\git\NodeModulesTsConfig\NodeModulesTsConfig\src\node_modules\@athena\aw-api\lib\lib\sponsor-web-hook.js.map
C:\Users\rhoq\dev\git\NodeModulesTsConfig\NodeModulesTsConfig\src\node_modules\@athena\aw-api\typings\lib\sponsor-web-hook.d.ts
C:\Users\rhoq\dev\git\NodeModulesTsConfig\NodeModulesTsConfig\src\node_modules\@athena\aw-api\lib\lib\surveys.js
C:\Users\rhoq\dev\git\NodeModulesTsConfig\NodeModulesTsConfig\src\node_modules\@athena\aw-api\lib\lib\surveys.js.map
C:\Users\rhoq\dev\git\NodeModulesTsConfig\NodeModulesTsConfig\src\node_modules\@athena\aw-api\typings\lib\surveys.d.ts
C:\Users\rhoq\dev\git\NodeModulesTsConfig\NodeModulesTsConfig\src\node_modules\@athena\aw-api\lib\lib\tasks.js
C:\Users\rhoq\dev\git\NodeModulesTsConfig\NodeModulesTsConfig\src\node_modules\@athena\aw-api\lib\lib\tasks.js.map
C:\Users\rhoq\dev\git\NodeModulesTsConfig\NodeModulesTsConfig\src\node_modules\@athena\aw-api\typings\lib\tasks.d.ts
C:\Users\rhoq\dev\git\NodeModulesTsConfig\NodeModulesTsConfig\src\node_modules\@athena\aw-api\lib\lib\task-schedule-items.js
C:\Users\rhoq\dev\git\NodeModulesTsConfig\NodeModulesTsConfig\src\node_modules\@athena\aw-api\lib\lib\task-schedule-items.js.map
C:\Users\rhoq\dev\git\NodeModulesTsConfig\NodeModulesTsConfig\src\node_modules\@athena\aw-api\typings\lib\task-schedule-items.d.ts
C:\Users\rhoq\dev\git\NodeModulesTsConfig\NodeModulesTsConfig\src\node_modules\@athena\aw-api\lib\lib\task-schedules.js
C:\Users\rhoq\dev\git\NodeModulesTsConfig\NodeModulesTsConfig\src\node_modules\@athena\aw-api\lib\lib\task-schedules.js.map
C:\Users\rhoq\dev\git\NodeModulesTsConfig\NodeModulesTsConfig\src\node_modules\@athena\aw-api\typings\lib\task-schedules.d.ts
C:\Users\rhoq\dev\git\NodeModulesTsConfig\NodeModulesTsConfig\src\node_modules\@athena\aw-api\lib\lib\time.js
C:\Users\rhoq\dev\git\NodeModulesTsConfig\NodeModulesTsConfig\src\node_modules\@athena\aw-api\lib\lib\time.js.map
C:\Users\rhoq\dev\git\NodeModulesTsConfig\NodeModulesTsConfig\src\node_modules\@athena\aw-api\typings\lib\time.d.ts
C:\Users\rhoq\dev\git\NodeModulesTsConfig\NodeModulesTsConfig\src\node_modules\@athena\aw-api\lib\lib\time-card.js
C:\Users\rhoq\dev\git\NodeModulesTsConfig\NodeModulesTsConfig\src\node_modules\@athena\aw-api\lib\lib\time-card.js.map
C:\Users\rhoq\dev\git\NodeModulesTsConfig\NodeModulesTsConfig\src\node_modules\@athena\aw-api\typings\lib\time-card.d.ts
C:\Users\rhoq\dev\git\NodeModulesTsConfig\NodeModulesTsConfig\src\node_modules\@athena\aw-api\lib\lib\user.js
C:\Users\rhoq\dev\git\NodeModulesTsConfig\NodeModulesTsConfig\src\node_modules\@athena\aw-api\lib\lib\user.js.map
C:\Users\rhoq\dev\git\NodeModulesTsConfig\NodeModulesTsConfig\src\node_modules\@athena\aw-api\typings\lib\user.d.ts
C:\Users\rhoq\dev\git\NodeModulesTsConfig\NodeModulesTsConfig\src\node_modules\@athena\aw-api\lib\lib\user-internal.js
C:\Users\rhoq\dev\git\NodeModulesTsConfig\NodeModulesTsConfig\src\node_modules\@athena\aw-api\lib\lib\user-internal.js.map
C:\Users\rhoq\dev\git\NodeModulesTsConfig\NodeModulesTsConfig\src\node_modules\@athena\aw-api\typings\lib\user-internal.d.ts
C:\Users\rhoq\dev\git\NodeModulesTsConfig\NodeModulesTsConfig\src\node_modules\@athena\aw-api\lib\lib\video-call.js
C:\Users\rhoq\dev\git\NodeModulesTsConfig\NodeModulesTsConfig\src\node_modules\@athena\aw-api\lib\lib\video-call.js.map
C:\Users\rhoq\dev\git\NodeModulesTsConfig\NodeModulesTsConfig\src\node_modules\@athena\aw-api\typings\lib\video-call.d.ts
C:\Users\rhoq\dev\git\NodeModulesTsConfig\NodeModulesTsConfig\src\node_modules\@athena\aw-api\lib\index.js
C:\Users\rhoq\dev\git\NodeModulesTsConfig\NodeModulesTsConfig\src\node_modules\@athena\aw-api\lib\index.js.map
C:\Users\rhoq\dev\git\NodeModulesTsConfig\NodeModulesTsConfig\src\node_modules\@athena\aw-api\typings\index.d.ts
C:\Users\rhoq\dev\git\NodeModulesTsConfig\NodeModulesTsConfig\src\node_modules\@athena\aw-api\lib\__tests__\basic.spec.js
C:\Users\rhoq\dev\git\NodeModulesTsConfig\NodeModulesTsConfig\src\node_modules\@athena\aw-api\lib\__tests__\basic.spec.js.map
C:\Users\rhoq\dev\git\NodeModulesTsConfig\NodeModulesTsConfig\src\node_modules\@athena\aw-api\typings\__tests__\basic.spec.d.ts
C:\Users\rhoq\dev\git\NodeModulesTsConfig\NodeModulesTsConfig\src\index.js
C:\Users\rhoq\dev\git\NodeModulesTsConfig\NodeModulesTsConfig\src\node_modules\@athena\aw-api\lib\environment.js
C:\Users\rhoq\dev\git\NodeModulesTsConfig\NodeModulesTsConfig\src\node_modules\@athena\aw-api\lib\environment.js.map
C:\Users\rhoq\dev\git\NodeModulesTsConfig\NodeModulesTsConfig\src\node_modules\@athena\aw-api\typings\environment.d.ts
C:\Users\rhoq\dev\git\NodeModulesTsConfig\NodeModulesTsConfig\src\node_modules\@athena\aw-api\lib\lib\api.js
C:\Users\rhoq\dev\git\NodeModulesTsConfig\NodeModulesTsConfig\src\node_modules\@athena\aw-api\lib\lib\api.js.map
C:\Users\rhoq\dev\git\NodeModulesTsConfig\NodeModulesTsConfig\src\node_modules\@athena\aw-api\typings\lib\api.d.ts
C:\Users\rhoq\dev\git\NodeModulesTsConfig\NodeModulesTsConfig\src\node_modules\@athena\aw-api\lib\lib\accounts.js
C:\Users\rhoq\dev\git\NodeModulesTsConfig\NodeModulesTsConfig\src\node_modules\@athena\aw-api\lib\lib\accounts.js.map
C:\Users\rhoq\dev\git\NodeModulesTsConfig\NodeModulesTsConfig\src\node_modules\@athena\aw-api\typings\lib\accounts.d.ts
C:\Users\rhoq\dev\git\NodeModulesTsConfig\NodeModulesTsConfig\src\node_modules\@athena\aw-api\lib\lib\audit.js
C:\Users\rhoq\dev\git\NodeModulesTsConfig\NodeModulesTsConfig\src\node_modules\@athena\aw-api\lib\lib\audit.js.map
C:\Users\rhoq\dev\git\NodeModulesTsConfig\NodeModulesTsConfig\src\node_modules\@athena\aw-api\typings\lib\audit.d.ts
C:\Users\rhoq\dev\git\NodeModulesTsConfig\NodeModulesTsConfig\src\node_modules\@athena\aw-api\lib\lib\beacon.js
C:\Users\rhoq\dev\git\NodeModulesTsConfig\NodeModulesTsConfig\src\node_modules\@athena\aw-api\lib\lib\beacon.js.map
C:\Users\rhoq\dev\git\NodeModulesTsConfig\NodeModulesTsConfig\src\node_modules\@athena\aw-api\typings\lib\beacon.d.ts
C:\Users\rhoq\dev\git\NodeModulesTsConfig\NodeModulesTsConfig\src\node_modules\@athena\aw-api\lib\lib\branding.js
C:\Users\rhoq\dev\git\NodeModulesTsConfig\NodeModulesTsConfig\src\node_modules\@athena\aw-api\lib\lib\branding.js.map
C:\Users\rhoq\dev\git\NodeModulesTsConfig\NodeModulesTsConfig\src\node_modules\@athena\aw-api\typings\lib\branding.d.ts
C:\Users\rhoq\dev\git\NodeModulesTsConfig\NodeModulesTsConfig\src\node_modules\@athena\aw-api\lib\lib\campaign-monitor.js
C:\Users\rhoq\dev\git\NodeModulesTsConfig\NodeModulesTsConfig\src\node_modules\@athena\aw-api\lib\lib\campaign-monitor.js.map
C:\Users\rhoq\dev\git\NodeModulesTsConfig\NodeModulesTsConfig\src\node_modules\@athena\aw-api\typings\lib\campaign-monitor.d.ts
C:\Users\rhoq\dev\git\NodeModulesTsConfig\NodeModulesTsConfig\src\node_modules\@athena\aw-api\lib\lib\care-center.js
C:\Users\rhoq\dev\git\NodeModulesTsConfig\NodeModulesTsConfig\src\node_modules\@athena\aw-api\lib\lib\care-center.js.map
C:\Users\rhoq\dev\git\NodeModulesTsConfig\NodeModulesTsConfig\src\node_modules\@athena\aw-api\typings\lib\care-center.d.ts
C:\Users\rhoq\dev\git\NodeModulesTsConfig\NodeModulesTsConfig\src\node_modules\@athena\aw-api\lib\lib\care-center-internal.js
C:\Users\rhoq\dev\git\NodeModulesTsConfig\NodeModulesTsConfig\src\node_modules\@athena\aw-api\lib\lib\care-center-internal.js.map
C:\Users\rhoq\dev\git\NodeModulesTsConfig\NodeModulesTsConfig\src\node_modules\@athena\aw-api\typings\lib\care-center-internal.d.ts
C:\Users\rhoq\dev\git\NodeModulesTsConfig\NodeModulesTsConfig\src\node_modules\@athena\aw-api\lib\lib\care-plans.js
C:\Users\rhoq\dev\git\NodeModulesTsConfig\NodeModulesTsConfig\src\node_modules\@athena\aw-api\lib\lib\care-plans.js.map
C:\Users\rhoq\dev\git\NodeModulesTsConfig\NodeModulesTsConfig\src\node_modules\@athena\aw-api\typings\lib\care-plans.d.ts
C:\Users\rhoq\dev\git\NodeModulesTsConfig\NodeModulesTsConfig\src\node_modules\@athena\aw-api\lib\lib\categories.js
C:\Users\rhoq\dev\git\NodeModulesTsConfig\NodeModulesTsConfig\src\node_modules\@athena\aw-api\lib\lib\categories.js.map
C:\Users\rhoq\dev\git\NodeModulesTsConfig\NodeModulesTsConfig\src\node_modules\@athena\aw-api\typings\lib\categories.d.ts
C:\Users\rhoq\dev\git\NodeModulesTsConfig\NodeModulesTsConfig\src\node_modules\@athena\aw-api\lib\lib\chat-bot.js
C:\Users\rhoq\dev\git\NodeModulesTsConfig\NodeModulesTsConfig\src\node_modules\@athena\aw-api\lib\lib\chat-bot.js.map
C:\Users\rhoq\dev\git\NodeModulesTsConfig\NodeModulesTsConfig\src\node_modules\@athena\aw-api\typings\lib\chat-bot.d.ts
C:\Users\rhoq\dev\git\NodeModulesTsConfig\NodeModulesTsConfig\src\node_modules\@athena\aw-api\lib\lib\client-data-export.js
C:\Users\rhoq\dev\git\NodeModulesTsConfig\NodeModulesTsConfig\src\node_modules\@athena\aw-api\lib\lib\client-data-export.js.map
C:\Users\rhoq\dev\git\NodeModulesTsConfig\NodeModulesTsConfig\src\node_modules\@athena\aw-api\typings\lib\client-data-export.d.ts
C:\Users\rhoq\dev\git\NodeModulesTsConfig\NodeModulesTsConfig\src\node_modules\@athena\aw-api\lib\lib\conversation-lists.js
C:\Users\rhoq\dev\git\NodeModulesTsConfig\NodeModulesTsConfig\src\node_modules\@athena\aw-api\lib\lib\conversation-lists.js.map
C:\Users\rhoq\dev\git\NodeModulesTsConfig\NodeModulesTsConfig\src\node_modules\@athena\aw-api\typings\lib\conversation-lists.d.ts
C:\Users\rhoq\dev\git\NodeModulesTsConfig\NodeModulesTsConfig\src\node_modules\@athena\aw-api\lib\lib\conversation-parties.js
C:\Users\rhoq\dev\git\NodeModulesTsConfig\NodeModulesTsConfig\src\node_modules\@athena\aw-api\lib\lib\conversation-parties.js.map
C:\Users\rhoq\dev\git\NodeModulesTsConfig\NodeModulesTsConfig\src\node_modules\@athena\aw-api\typings\lib\conversation-parties.d.ts
C:\Users\rhoq\dev\git\NodeModulesTsConfig\NodeModulesTsConfig\src\node_modules\@athena\aw-api\lib\lib\conversations.js
C:\Users\rhoq\dev\git\NodeModulesTsConfig\NodeModulesTsConfig\src\node_modules\@athena\aw-api\lib\lib\conversations.js.map
C:\Users\rhoq\dev\git\NodeModulesTsConfig\NodeModulesTsConfig\src\node_modules\@athena\aw-api\typings\lib\conversations.d.ts
C:\Users\rhoq\dev\git\NodeModulesTsConfig\NodeModulesTsConfig\src\node_modules\@athena\aw-api\lib\lib\distributors.js
C:\Users\rhoq\dev\git\NodeModulesTsConfig\NodeModulesTsConfig\src\node_modules\@athena\aw-api\lib\lib\distributors.js.map
C:\Users\rhoq\dev\git\NodeModulesTsConfig\NodeModulesTsConfig\src\node_modules\@athena\aw-api\typings\lib\distributors.d.ts
C:\Users\rhoq\dev\git\NodeModulesTsConfig\NodeModulesTsConfig\src\node_modules\@athena\aw-api\lib\lib\integration-management.js
C:\Users\rhoq\dev\git\NodeModulesTsConfig\NodeModulesTsConfig\src\node_modules\@athena\aw-api\lib\lib\integration-management.js.map
C:\Users\rhoq\dev\git\NodeModulesTsConfig\NodeModulesTsConfig\src\node_modules\@athena\aw-api\typings\lib\integration-management.d.ts
C:\Users\rhoq\dev\git\NodeModulesTsConfig\NodeModulesTsConfig\src\node_modules\@athena\aw-api\lib\lib\invitations.js
C:\Users\rhoq\dev\git\NodeModulesTsConfig\NodeModulesTsConfig\src\node_modules\@athena\aw-api\lib\lib\invitations.js.map
C:\Users\rhoq\dev\git\NodeModulesTsConfig\NodeModulesTsConfig\src\node_modules\@athena\aw-api\typings\lib\invitations.d.ts
C:\Users\rhoq\dev\git\NodeModulesTsConfig\NodeModulesTsConfig\src\node_modules\@athena\aw-api\lib\lib\patient.js
C:\Users\rhoq\dev\git\NodeModulesTsConfig\NodeModulesTsConfig\src\node_modules\@athena\aw-api\lib\lib\patient.js.map
C:\Users\rhoq\dev\git\NodeModulesTsConfig\NodeModulesTsConfig\src\node_modules\@athena\aw-api\typings\lib\patient.d.ts
C:\Users\rhoq\dev\git\NodeModulesTsConfig\NodeModulesTsConfig\src\node_modules\@athena\aw-api\lib\lib\patient-index.js
C:\Users\rhoq\dev\git\NodeModulesTsConfig\NodeModulesTsConfig\src\node_modules\@athena\aw-api\lib\lib\patient-index.js.map
C:\Users\rhoq\dev\git\NodeModulesTsConfig\NodeModulesTsConfig\src\node_modules\@athena\aw-api\typings\lib\patient-index.d.ts
C:\Users\rhoq\dev\git\NodeModulesTsConfig\NodeModulesTsConfig\src\node_modules\@athena\aw-api\lib\lib\patient-internal.js
C:\Users\rhoq\dev\git\NodeModulesTsConfig\NodeModulesTsConfig\src\node_modules\@athena\aw-api\lib\lib\patient-internal.js.map
C:\Users\rhoq\dev\git\NodeModulesTsConfig\NodeModulesTsConfig\src\node_modules\@athena\aw-api\typings\lib\patient-internal.d.ts
C:\Users\rhoq\dev\git\NodeModulesTsConfig\NodeModulesTsConfig\src\node_modules\@athena\aw-api\lib\lib\patient-invitations.js
C:\Users\rhoq\dev\git\NodeModulesTsConfig\NodeModulesTsConfig\src\node_modules\@athena\aw-api\lib\lib\patient-invitations.js.map
C:\Users\rhoq\dev\git\NodeModulesTsConfig\NodeModulesTsConfig\src\node_modules\@athena\aw-api\typings\lib\patient-invitations.d.ts
C:\Users\rhoq\dev\git\NodeModulesTsConfig\NodeModulesTsConfig\src\node_modules\@athena\aw-api\lib\lib\patient-profile-definitions.js
C:\Users\rhoq\dev\git\NodeModulesTsConfig\NodeModulesTsConfig\src\node_modules\@athena\aw-api\lib\lib\patient-profile-definitions.js.map
C:\Users\rhoq\dev\git\NodeModulesTsConfig\NodeModulesTsConfig\src\node_modules\@athena\aw-api\typings\lib\patient-profile-definitions.d.ts
C:\Users\rhoq\dev\git\NodeModulesTsConfig\NodeModulesTsConfig\src\node_modules\@athena\aw-api\lib\lib\patient-profiles.js
C:\Users\rhoq\dev\git\NodeModulesTsConfig\NodeModulesTsConfig\src\node_modules\@athena\aw-api\lib\lib\patient-profiles.js.map
C:\Users\rhoq\dev\git\NodeModulesTsConfig\NodeModulesTsConfig\src\node_modules\@athena\aw-api\typings\lib\patient-profiles.d.ts
C:\Users\rhoq\dev\git\NodeModulesTsConfig\NodeModulesTsConfig\src\node_modules\@athena\aw-api\lib\lib\patient-schedules.js
C:\Users\rhoq\dev\git\NodeModulesTsConfig\NodeModulesTsConfig\src\node_modules\@athena\aw-api\lib\lib\patient-schedules.js.map
C:\Users\rhoq\dev\git\NodeModulesTsConfig\NodeModulesTsConfig\src\node_modules\@athena\aw-api\typings\lib\patient-schedules.d.ts
C:\Users\rhoq\dev\git\NodeModulesTsConfig\NodeModulesTsConfig\src\node_modules\@athena\aw-api\lib\lib\patient-schedules-internal.js
C:\Users\rhoq\dev\git\NodeModulesTsConfig\NodeModulesTsConfig\src\node_modules\@athena\aw-api\lib\lib\patient-schedules-internal.js.map
C:\Users\rhoq\dev\git\NodeModulesTsConfig\NodeModulesTsConfig\src\node_modules\@athena\aw-api\typings\lib\patient-schedules-internal.d.ts
C:\Users\rhoq\dev\git\NodeModulesTsConfig\NodeModulesTsConfig\src\node_modules\@athena\aw-api\lib\lib\reports.js
C:\Users\rhoq\dev\git\NodeModulesTsConfig\NodeModulesTsConfig\src\node_modules\@athena\aw-api\lib\lib\reports.js.map
C:\Users\rhoq\dev\git\NodeModulesTsConfig\NodeModulesTsConfig\src\node_modules\@athena\aw-api\typings\lib\reports.d.ts
C:\Users\rhoq\dev\git\NodeModulesTsConfig\NodeModulesTsConfig\src\node_modules\@athena\aw-api\lib\lib\shared-care.js
C:\Users\rhoq\dev\git\NodeModulesTsConfig\NodeModulesTsConfig\src\node_modules\@athena\aw-api\lib\lib\shared-care.js.map
C:\Users\rhoq\dev\git\NodeModulesTsConfig\NodeModulesTsConfig\src\node_modules\@athena\aw-api\typings\lib\shared-care.d.ts
C:\Users\rhoq\dev\git\NodeModulesTsConfig\NodeModulesTsConfig\src\node_modules\@athena\aw-api\lib\lib\shared-care-internal.js
C:\Users\rhoq\dev\git\NodeModulesTsConfig\NodeModulesTsConfig\src\node_modules\@athena\aw-api\lib\lib\shared-care-internal.js.map
C:\Users\rhoq\dev\git\NodeModulesTsConfig\NodeModulesTsConfig\src\node_modules\@athena\aw-api\typings\lib\shared-care-internal.d.ts
C:\Users\rhoq\dev\git\NodeModulesTsConfig\NodeModulesTsConfig\src\node_modules\@athena\aw-api\lib\lib\sponsors.js
C:\Users\rhoq\dev\git\NodeModulesTsConfig\NodeModulesTsConfig\src\node_modules\@athena\aw-api\lib\lib\sponsors.js.map
C:\Users\rhoq\dev\git\NodeModulesTsConfig\NodeModulesTsConfig\src\node_modules\@athena\aw-api\typings\lib\sponsors.d.ts
C:\Users\rhoq\dev\git\NodeModulesTsConfig\NodeModulesTsConfig\src\node_modules\@athena\aw-api\lib\lib\sponsor-web-hook.js
C:\Users\rhoq\dev\git\NodeModulesTsConfig\NodeModulesTsConfig\src\node_modules\@athena\aw-api\lib\lib\sponsor-web-hook.js.map
C:\Users\rhoq\dev\git\NodeModulesTsConfig\NodeModulesTsConfig\src\node_modules\@athena\aw-api\typings\lib\sponsor-web-hook.d.ts
C:\Users\rhoq\dev\git\NodeModulesTsConfig\NodeModulesTsConfig\src\node_modules\@athena\aw-api\lib\lib\surveys.js
C:\Users\rhoq\dev\git\NodeModulesTsConfig\NodeModulesTsConfig\src\node_modules\@athena\aw-api\lib\lib\surveys.js.map
C:\Users\rhoq\dev\git\NodeModulesTsConfig\NodeModulesTsConfig\src\node_modules\@athena\aw-api\typings\lib\surveys.d.ts
C:\Users\rhoq\dev\git\NodeModulesTsConfig\NodeModulesTsConfig\src\node_modules\@athena\aw-api\lib\lib\tasks.js
C:\Users\rhoq\dev\git\NodeModulesTsConfig\NodeModulesTsConfig\src\node_modules\@athena\aw-api\lib\lib\tasks.js.map
C:\Users\rhoq\dev\git\NodeModulesTsConfig\NodeModulesTsConfig\src\node_modules\@athena\aw-api\typings\lib\tasks.d.ts
C:\Users\rhoq\dev\git\NodeModulesTsConfig\NodeModulesTsConfig\src\node_modules\@athena\aw-api\lib\lib\task-schedule-items.js
C:\Users\rhoq\dev\git\NodeModulesTsConfig\NodeModulesTsConfig\src\node_modules\@athena\aw-api\lib\lib\task-schedule-items.js.map
C:\Users\rhoq\dev\git\NodeModulesTsConfig\NodeModulesTsConfig\src\node_modules\@athena\aw-api\typings\lib\task-schedule-items.d.ts
C:\Users\rhoq\dev\git\NodeModulesTsConfig\NodeModulesTsConfig\src\node_modules\@athena\aw-api\lib\lib\task-schedules.js
C:\Users\rhoq\dev\git\NodeModulesTsConfig\NodeModulesTsConfig\src\node_modules\@athena\aw-api\lib\lib\task-schedules.js.map
C:\Users\rhoq\dev\git\NodeModulesTsConfig\NodeModulesTsConfig\src\node_modules\@athena\aw-api\typings\lib\task-schedules.d.ts
C:\Users\rhoq\dev\git\NodeModulesTsConfig\NodeModulesTsConfig\src\node_modules\@athena\aw-api\lib\lib\time.js
C:\Users\rhoq\dev\git\NodeModulesTsConfig\NodeModulesTsConfig\src\node_modules\@athena\aw-api\lib\lib\time.js.map
C:\Users\rhoq\dev\git\NodeModulesTsConfig\NodeModulesTsConfig\src\node_modules\@athena\aw-api\typings\lib\time.d.ts
C:\Users\rhoq\dev\git\NodeModulesTsConfig\NodeModulesTsConfig\src\node_modules\@athena\aw-api\lib\lib\time-card.js
C:\Users\rhoq\dev\git\NodeModulesTsConfig\NodeModulesTsConfig\src\node_modules\@athena\aw-api\lib\lib\time-card.js.map
C:\Users\rhoq\dev\git\NodeModulesTsConfig\NodeModulesTsConfig\src\node_modules\@athena\aw-api\typings\lib\time-card.d.ts
C:\Users\rhoq\dev\git\NodeModulesTsConfig\NodeModulesTsConfig\src\node_modules\@athena\aw-api\lib\lib\user.js
C:\Users\rhoq\dev\git\NodeModulesTsConfig\NodeModulesTsConfig\src\node_modules\@athena\aw-api\lib\lib\user.js.map
C:\Users\rhoq\dev\git\NodeModulesTsConfig\NodeModulesTsConfig\src\node_modules\@athena\aw-api\typings\lib\user.d.ts
C:\Users\rhoq\dev\git\NodeModulesTsConfig\NodeModulesTsConfig\src\node_modules\@athena\aw-api\lib\lib\user-internal.js
C:\Users\rhoq\dev\git\NodeModulesTsConfig\NodeModulesTsConfig\src\node_modules\@athena\aw-api\lib\lib\user-internal.js.map
C:\Users\rhoq\dev\git\NodeModulesTsConfig\NodeModulesTsConfig\src\node_modules\@athena\aw-api\typings\lib\user-internal.d.ts
C:\Users\rhoq\dev\git\NodeModulesTsConfig\NodeModulesTsConfig\src\node_modules\@athena\aw-api\lib\lib\video-call.js
C:\Users\rhoq\dev\git\NodeModulesTsConfig\NodeModulesTsConfig\src\node_modules\@athena\aw-api\lib\lib\video-call.js.map
C:\Users\rhoq\dev\git\NodeModulesTsConfig\NodeModulesTsConfig\src\node_modules\@athena\aw-api\typings\lib\video-call.d.ts
C:\Users\rhoq\dev\git\NodeModulesTsConfig\NodeModulesTsConfig\src\node_modules\@athena\aw-api\lib\index.js
C:\Users\rhoq\dev\git\NodeModulesTsConfig\NodeModulesTsConfig\src\node_modules\@athena\aw-api\lib\index.js.map
C:\Users\rhoq\dev\git\NodeModulesTsConfig\NodeModulesTsConfig\src\node_modules\@athena\aw-api\typings\index.d.ts
C:\Users\rhoq\dev\git\NodeModulesTsConfig\NodeModulesTsConfig\src\node_modules\@athena\aw-api\lib\__tests__\basic.spec.js
C:\Users\rhoq\dev\git\NodeModulesTsConfig\NodeModulesTsConfig\src\node_modules\@athena\aw-api\lib\__tests__\basic.spec.js.map
C:\Users\rhoq\dev\git\NodeModulesTsConfig\NodeModulesTsConfig\src\node_modules\@athena\aw-api\typings\__tests__\basic.spec.d.ts
